<?xml version="1.0" encoding="UTF-8"?>
<!-- Generated by org.testng.reporters.JUnitXMLReporter -->
<testsuite ignored="0" hostname="AnkitDhakulkar" failures="0" tests="2" name="Default test" time="45.14" errors="0" timestamp="2025-01-28T18:19:42 IST">
  <testcase classname="MobileAutomation.MobileAutomationFramework.MultipleTestScenario" name="ToastErrorMessage_Validation" time="8.258"/>
  <testcase classname="MobileAutomation.MobileAutomationFramework.MultipleTestScenario" name="Positive_Flow" time="14.112"/>
</testsuite> <!-- Default test -->
