<?xml version="1.0" encoding="UTF-8"?>
<!-- Generated by org.testng.reporters.JUnitXMLReporter -->
<testsuite ignored="0" hostname="AnkitDhakulkar" failures="0" tests="2" name="Error validation test" time="38.85" errors="0" timestamp="2025-03-18T14:46:34 IST">
  <testcase classname="MobileAutomation.MobileAutomationFramework.MultipleTestScenario" name="ToastErrorMessage_Validation" time="7.811"/>
  <testcase classname="MobileAutomation.MobileAutomationFramework.MultipleTestScenario" name="Positive_Flow" time="14.678"/>
</testsuite> <!-- Error validation test -->
