<?xml version="1.0" encoding="UTF-8"?>
<!-- Generated by org.testng.reporters.JUnitXMLReporter -->
<testsuite ignored="2" hostname="AnkitDhakulkar" failures="0" tests="0" time="0.0" errors="0" timestamp="2025-03-18T12:31:10 IST">
  <testcase classname="MobileAutomation.MobileAutomationFramework.MultipleTestScenario" name="Positive_Flow" time="0.0">
    <ignored/>
  </testcase> <!-- Positive_Flow -->
  <testcase classname="MobileAutomation.MobileAutomationFramework.MultipleTestScenario" name="ToastErrorMessage_Validation" time="0.0">
    <ignored/>
  </testcase> <!-- ToastErrorMessage_Validation -->
</testsuite>
