<?xml version="1.0" encoding="UTF-8"?>
<testng-results ignored="0" total="3" passed="3" failed="0" skipped="0">
  <reporter-output>
  </reporter-output>
  <suite started-at="2025-03-17T12:39:23 IST" name="Suite" finished-at="2025-03-17T12:40:57 IST" duration-ms="93915">
    <groups>
      <group name="Smoke">
        <method signature="E_CommerceTestCase_4_Hybrid_WebView.fillform(java.lang.String,java.lang.String,java.lang.String)[pri:0, instance:MobileAutomation.MobileAutomationFramework.E_CommerceTestCase_4_Hybrid_WebView@1a245833]" name="fillform" class="MobileAutomation.MobileAutomationFramework.E_CommerceTestCase_4_Hybrid_WebView"/>
      </group> <!-- Smoke -->
    </groups>
    <test started-at="2025-03-17T12:39:23 IST" name="End To End Framework" finished-at="2025-03-17T12:40:15 IST" duration-ms="52496">
      <class name="MobileAutomation.MobileAutomationFramework.E_CommerceTestCase_4_Hybrid_WebView">
        <test-method is-config="true" signature="configureAppium()[pri:0, instance:MobileAutomation.MobileAutomationFramework.E_CommerceTestCase_4_Hybrid_WebView@1a245833]" started-at="2025-03-17T12:39:23 IST" name="configureAppium" finished-at="2025-03-17T12:39:46 IST" duration-ms="22714" status="PASS">
          <reporter-output>
          </reporter-output>
        </test-method> <!-- configureAppium -->
        <test-method signature="fillform(java.lang.String,java.lang.String,java.lang.String)[pri:0, instance:MobileAutomation.MobileAutomationFramework.E_CommerceTestCase_4_Hybrid_WebView@1a245833]" started-at="2025-03-17T12:39:46 IST" name="fillform" data-provider="getData" finished-at="2025-03-17T12:40:13 IST" duration-ms="27575" status="PASS">
          <params>
            <param index="0">
              <value>
                <![CDATA[xyzz]]>
              </value>
            </param>
            <param index="1">
              <value>
                <![CDATA[female]]>
              </value>
            </param>
            <param index="2">
              <value>
                <![CDATA[Argentina]]>
              </value>
            </param>
          </params>
          <reporter-output>
          </reporter-output>
        </test-method> <!-- fillform -->
        <test-method is-config="true" signature="tearDown()[pri:0, instance:MobileAutomation.MobileAutomationFramework.E_CommerceTestCase_4_Hybrid_WebView@1a245833]" started-at="2025-03-17T12:40:13 IST" name="tearDown" finished-at="2025-03-17T12:40:15 IST" duration-ms="2076" status="PASS">
          <reporter-output>
          </reporter-output>
        </test-method> <!-- tearDown -->
      </class> <!-- MobileAutomation.MobileAutomationFramework.E_CommerceTestCase_4_Hybrid_WebView -->
    </test> <!-- End To End Framework -->
    <test started-at="2025-03-17T12:40:16 IST" name="Error validation test" finished-at="2025-03-17T12:40:57 IST" duration-ms="40542">
      <class name="MobileAutomation.MobileAutomationFramework.MultipleTestScenario">
        <test-method is-config="true" signature="configureAppium()[pri:0, instance:MobileAutomation.MobileAutomationFramework.MultipleTestScenario@491b9b8]" started-at="2025-03-17T12:40:16 IST" name="configureAppium" finished-at="2025-03-17T12:40:33 IST" duration-ms="17076" status="PASS">
          <reporter-output>
          </reporter-output>
        </test-method> <!-- configureAppium -->
        <test-method signature="ToastErrorMessage_Validation()[pri:1, instance:MobileAutomation.MobileAutomationFramework.MultipleTestScenario@491b9b8]" started-at="2025-03-17T12:40:33 IST" name="ToastErrorMessage_Validation" finished-at="2025-03-17T12:40:41 IST" duration-ms="8082" status="PASS">
          <reporter-output>
          </reporter-output>
        </test-method> <!-- ToastErrorMessage_Validation -->
        <test-method signature="Positive_Flow()[pri:2, instance:MobileAutomation.MobileAutomationFramework.MultipleTestScenario@491b9b8]" started-at="2025-03-17T12:40:41 IST" name="Positive_Flow" finished-at="2025-03-17T12:40:55 IST" duration-ms="13784" status="PASS">
          <reporter-output>
          </reporter-output>
        </test-method> <!-- Positive_Flow -->
        <test-method is-config="true" signature="tearDown()[pri:0, instance:MobileAutomation.MobileAutomationFramework.MultipleTestScenario@491b9b8]" started-at="2025-03-17T12:40:55 IST" name="tearDown" finished-at="2025-03-17T12:40:57 IST" duration-ms="1590" status="PASS">
          <reporter-output>
          </reporter-output>
        </test-method> <!-- tearDown -->
      </class> <!-- MobileAutomation.MobileAutomationFramework.MultipleTestScenario -->
    </test> <!-- Error validation test -->
  </suite> <!-- Suite -->
</testng-results>
