<?xml version="1.0" encoding="UTF-8"?>
<testng-results ignored="0" total="3" passed="3" failed="0" skipped="0">
  <reporter-output>
  </reporter-output>
  <suite started-at="2025-01-28T18:25:37 IST" name="Suite" finished-at="2025-01-28T18:26:59 IST" duration-ms="82224">
    <groups>
      <group name="Smoke">
        <method signature="E_CommerceTestCase_4_Hybrid_WebView.fillform(java.lang.String,java.lang.String,java.lang.String)[pri:0, instance:MobileAutomation.MobileAutomationFramework.E_CommerceTestCase_4_Hybrid_WebView@69504ae9]" name="fillform" class="MobileAutomation.MobileAutomationFramework.E_CommerceTestCase_4_Hybrid_WebView"/>
      </group> <!-- Smoke -->
    </groups>
    <test started-at="2025-01-28T18:25:37 IST" name="End To End Framework" finished-at="2025-01-28T18:26:18 IST" duration-ms="41361">
      <class name="MobileAutomation.MobileAutomationFramework.E_CommerceTestCase_4_Hybrid_WebView">
        <test-method is-config="true" signature="configureAppium()[pri:0, instance:MobileAutomation.MobileAutomationFramework.E_CommerceTestCase_4_Hybrid_WebView@69504ae9]" started-at="2025-01-28T18:25:37 IST" name="configureAppium" finished-at="2025-01-28T18:25:56 IST" duration-ms="19198" status="PASS">
          <reporter-output>
          </reporter-output>
        </test-method> <!-- configureAppium -->
        <test-method signature="fillform(java.lang.String,java.lang.String,java.lang.String)[pri:0, instance:MobileAutomation.MobileAutomationFramework.E_CommerceTestCase_4_Hybrid_WebView@69504ae9]" started-at="2025-01-28T18:25:56 IST" name="fillform" data-provider="getData" finished-at="2025-01-28T18:26:16 IST" duration-ms="20406" status="PASS">
          <params>
            <param index="0">
              <value>
                <![CDATA[xyzz]]>
              </value>
            </param>
            <param index="1">
              <value>
                <![CDATA[female]]>
              </value>
            </param>
            <param index="2">
              <value>
                <![CDATA[Argentina]]>
              </value>
            </param>
          </params>
          <reporter-output>
          </reporter-output>
        </test-method> <!-- fillform -->
        <test-method is-config="true" signature="tearDown()[pri:0, instance:MobileAutomation.MobileAutomationFramework.E_CommerceTestCase_4_Hybrid_WebView@69504ae9]" started-at="2025-01-28T18:26:16 IST" name="tearDown" finished-at="2025-01-28T18:26:18 IST" duration-ms="1696" status="PASS">
          <reporter-output>
          </reporter-output>
        </test-method> <!-- tearDown -->
      </class> <!-- MobileAutomation.MobileAutomationFramework.E_CommerceTestCase_4_Hybrid_WebView -->
    </test> <!-- End To End Framework -->
    <test started-at="2025-01-28T18:26:18 IST" name="Error validation test" finished-at="2025-01-28T18:26:59 IST" duration-ms="40327">
      <class name="MobileAutomation.MobileAutomationFramework.MultipleTestScenario">
        <test-method is-config="true" signature="configureAppium()[pri:0, instance:MobileAutomation.MobileAutomationFramework.MultipleTestScenario@6d5620ce]" started-at="2025-01-28T18:26:18 IST" name="configureAppium" finished-at="2025-01-28T18:26:37 IST" duration-ms="18091" status="PASS">
          <reporter-output>
          </reporter-output>
        </test-method> <!-- configureAppium -->
        <test-method signature="ToastErrorMessage_Validation()[pri:1, instance:MobileAutomation.MobileAutomationFramework.MultipleTestScenario@6d5620ce]" started-at="2025-01-28T18:26:37 IST" name="ToastErrorMessage_Validation" finished-at="2025-01-28T18:26:44 IST" duration-ms="7152" status="PASS">
          <reporter-output>
          </reporter-output>
        </test-method> <!-- ToastErrorMessage_Validation -->
        <test-method signature="Positive_Flow()[pri:2, instance:MobileAutomation.MobileAutomationFramework.MultipleTestScenario@6d5620ce]" started-at="2025-01-28T18:26:44 IST" name="Positive_Flow" finished-at="2025-01-28T18:26:58 IST" duration-ms="13906" status="PASS">
          <reporter-output>
          </reporter-output>
        </test-method> <!-- Positive_Flow -->
        <test-method is-config="true" signature="tearDown()[pri:0, instance:MobileAutomation.MobileAutomationFramework.MultipleTestScenario@6d5620ce]" started-at="2025-01-28T18:26:58 IST" name="tearDown" finished-at="2025-01-28T18:26:59 IST" duration-ms="1164" status="PASS">
          <reporter-output>
          </reporter-output>
        </test-method> <!-- tearDown -->
      </class> <!-- MobileAutomation.MobileAutomationFramework.MultipleTestScenario -->
    </test> <!-- Error validation test -->
  </suite> <!-- Suite -->
</testng-results>
